build/app/outputs/mapping/release/seeds.txt
com.google.android.gms.internal.measurement.zzck$zzd$zza: com.google.android.gms.internal.measurement.zzck$zzd$zza[] values()
androidx.fragment.app.Fragment: android.os.Bundle mSavedFragmentState
androidx.fragment.app.Fragment: androidx.fragment.app.Fragment mTarget
io.flutter.plugin.platform.SingleViewPresentation: android.view.View$OnFocusChangeListener focusChangeListener
io.flutter.plugins.firebase.crashlytics.R$dimen: int notification_subtext_size
com.google.firestore.v1.BatchGetDocumentsResponse$ResultCase: com.google.firestore.v1.BatchGetDocumentsResponse$ResultCase[] values()
io.flutter.plugin.editing.FlutterTextUtils: int ZERO_WIDTH_JOINER
io.flutter.plugins.firebase.storage.R: R()
io.flutter.embedding.engine.plugins.activity.ActivityControlSurface: void onRestoreInstanceState(android.os.Bundle)
com.google.firestore.v1.StructuredQuery$CollectionSelector: int COLLECTION_ID_FIELD_NUMBER
io.grpc.InternalChannelz$ChannelTrace$Event$Severity: io.grpc.InternalChannelz$ChannelTrace$Event$Severity[] values()
io.flutter.plugin.editing.InputConnectionAdaptor$TextEditingValue: java.lang.String text
io.flutter.plugins.firebase.storage.R$string: int common_google_play_services_update_title
io.flutter.plugins.firebase.core.R$id: int accessibility_custom_action_15
io.flutter.plugins.firebase.crashlytics.R$style: int Widget_Compat_NotificationActionContainer
com.google.android.gms.internal.measurement.zzu: com.google.android.gms.internal.measurement.zzv asInterface(android.os.IBinder)
com.google.android.gms.internal.measurement.zzca$zza: com.google.android.gms.internal.measurement.zzca$zza zzh
io.flutter.embedding.android.FlutterActivityAndFragmentDelegate$Host: io.flutter.embedding.android.RenderMode getRenderMode()
io.flutter.embedding.engine.systemchannels.PlatformChannel$2: int[] $SwitchMap$io$flutter$embedding$engine$systemchannels$PlatformChannel$SystemUiOverlay
io.flutter.view.AccessibilityBridge$SemanticsNode: io.flutter.view.AccessibilityBridge accessibilityBridge
io.flutter.embedding.android.FlutterFragment: java.lang.String ARG_FLUTTER_INITIALIZATION_ARGS
io.flutter.embedding.engine.dart.DartExecutor$DartEntrypoint: java.lang.String dartEntrypointFunctionName
androidx.fragment.app.FragmentState: android.os.Parcelable$Creator CREATOR
io.flutter.view.FlutterCallbackInformation: FlutterCallbackInformation(java.lang.String,java.lang.String,java.lang.String)
com.google.firestore.v1.TargetChange: int targetIdsMemoizedSerializedSize
io.flutter.embedding.engine.systemchannels.PlatformChannel$ClipboardContentFormat: io.flutter.embedding.engine.systemchannels.PlatformChannel$ClipboardContentFormat[] values()
io.flutter.plugins.firebase.auth.Constants: java.lang.String BUNDLE_ID
io.flutter.plugin.platform.PlatformPlugin: java.lang.String TAG
com.google.firestore.v1.Target$QueryTarget: int queryTypeCase_
com.google.firebase.auth.UserProfileChangeRequest: android.os.Parcelable$Creator CREATOR
com.google.firebase.installations.FirebaseInstallationsRegistrar: java.util.List getComponents()
io.flutter.embedding.android.FlutterActivity: void configureStatusBarForFullscreenFlutterExperience()
io.flutter.plugins.firebase.auth.R$drawable: int common_google_signin_btn_icon_dark_focused
io.grpc.okhttp.OkHttpChannelBuilder$NegotiationType: io.grpc.okhttp.OkHttpChannelBuilder$NegotiationType valueOf(java.lang.String)
android.support.v4.app.RemoteActionCompatParcelizer: androidx.core.app.RemoteActionCompat read(androidx.versionedparcelable.VersionedParcel)
io.flutter.embedding.engine.systemchannels.KeyEventChannel: java.lang.String TAG
io.flutter.view.AccessibilityBridge$Action: io.flutter.view.AccessibilityBridge$Action PASTE
io.flutter.embedding.engine.systemchannels.PlatformViewsChannel$1
io.flutter.Log: int logLevel
io.flutter.embedding.engine.systemchannels.PlatformViewsChannel$PlatformViewsHandler: void onTouch(io.flutter.embedding.engine.systemchannels.PlatformViewsChannel$PlatformViewTouch)