build/app/outputs/mapping/release/mapping.txt
# compiler: R8
# compiler_version: 2.1.75
# min_api: 20
# pg_map_id: 783c0d4
# common_typos_disable
...
com.google.protobuf.CodedOutputStreamWriter -> b.a.f.n:
    com.google.protobuf.CodedOutputStream output -> a
    void writeFixed64List(int,java.util.List,boolean) -> A
    void writeSFixed32List(int,java.util.List,boolean) -> B
    void writeEnum(int,int) -> C
    void writeInt64List(int,java.util.List,boolean) -> D
    void writeFixed32(int,int) -> E
    void writeEnumList(int,java.util.List,boolean) -> F
    void writeDouble(int,double) -> G
    void writeDoubleList(int,java.util.List,boolean) -> H
    void writeSFixed64(int,long) -> I
    void writeSFixed64List(int,java.util.List,boolean) -> J
    void writeSInt32(int,int) -> K
    void writeBytesList(int,java.util.List) -> L
    void writeFixed32List(int,java.util.List,boolean) -> M
    void writeUInt64List(int,java.util.List,boolean) -> N
    void writeBoolList(int,java.util.List,boolean) -> O
    com.google.protobuf.CodedOutputStreamWriter forCodedOutput(com.google.protobuf.CodedOutputStream) -> P
    void writeDeterministicBooleanMapEntry(int,boolean,java.lang.Object,com.google.protobuf.MapEntryLite$Metadata) -> Q
    void writeDeterministicIntegerMap(int,com.google.protobuf.MapEntryLite$Metadata,java.util.Map) -> R
    void writeDeterministicLongMap(int,com.google.protobuf.MapEntryLite$Metadata,java.util.Map) -> S
    void writeDeterministicMap(int,com.google.protobuf.MapEntryLite$Metadata,java.util.Map) -> T
    void writeDeterministicStringMap(int,com.google.protobuf.MapEntryLite$Metadata,java.util.Map) -> U
com.google.protobuf.CodedOutputStreamWriter$1 -> b.a.f.n$a:
    int[] $SwitchMap$com$google$protobuf$WireFormat$FieldType -> a
com.google.protobuf.DoubleArrayList -> b.a.f.o:
    com.google.protobuf.DoubleArrayList EMPTY_LIST -> e
    double[] array -> c
    int size -> d
    void add(int,java.lang.Double) -> f
    boolean add(java.lang.Double) -> g
    void addDouble(double) -> i
    void addDouble(int,double) -> j
    void ensureIndexInRange(int) -> k
    java.lang.Double get(int) -> l
    double getDouble(int) -> n
    java.lang.String makeOutOfBoundsExceptionMessage(int) -> o
    com.google.protobuf.Internal$DoubleList mutableCopyWithCapacity(int) -> p
    java.lang.Double remove(int) -> q
    com.google.protobuf.Internal$ProtobufList mutableCopyWithCapacity(int) -> q0
    java.lang.Double set(int,java.lang.Double) -> r
    double setDouble(int,double) -> s
com.google.protobuf.ExtensionLite -> b.a.f.p:
com.google.protobuf.ExtensionRegistryFactory -> b.a.f.q:
    java.lang.Class EXTENSION_REGISTRY_CLASS -> a
    com.google.protobuf.ExtensionRegistryLite createEmpty() -> a
    com.google.protobuf.ExtensionRegistryLite invokeSubclassFactory(java.lang.String) -> b
    java.lang.Class reflectExtensionRegistry() -> c
com.google.protobuf.ExtensionRegistryLite -> b.a.f.r:
    java.util.Map extensionsByNumber -> a
    com.google.protobuf.ExtensionRegistryLite EMPTY_REGISTRY_LITE -> d
    com.google.protobuf.ExtensionRegistryLite emptyRegistry -> c
    boolean doFullRuntimeInheritanceCheck -> b
    com.google.protobuf.GeneratedMessageLite$GeneratedExtension findLiteExtensionByNumber(com.google.protobuf.MessageLite,int) -> a
    com.google.protobuf.ExtensionRegistryLite getEmptyRegistry() -> b
com.google.protobuf.ExtensionRegistryLite$ObjectIntPair -> b.a.f.r$a:
    java.lang.Object object -> a
    int number -> b