build/app/outputs/mapping/release/usage.txt
com.ariessa.pdcc_teku.R$dimen
com.ariessa.pdcc_teku.BuildConfig
com.ariessa.pdcc_teku.R$style
com.ariessa.pdcc_teku.R$attr
com.ariessa.pdcc_teku.R$color
com.ariessa.pdcc_teku.R$styleable
com.ariessa.pdcc_teku.R$integer
com.ariessa.pdcc_teku.R$mipmap
com.ariessa.pdcc_teku.R$drawable
com.ariessa.pdcc_teku.R$id
com.ariessa.pdcc_teku.R$layout
com.ariessa.pdcc_teku.R$string
com.ariessa.pdcc_teku.R
...
com.google.android.gms.internal.firebase-auth-api.zzfu:
    static void <clinit>()
    static final synthetic int[] zza
com.google.common.collect.Maps
com.google.protobuf.DescriptorProtos$FieldDescriptorProto$Builder
com.google.firebase.firestore.util.ExponentialBackoff:
    public static final long DEFAULT_BACKOFF_INITIAL_DELAY_MS
    public static final double DEFAULT_BACKOFF_FACTOR
    public static final long DEFAULT_BACKOFF_MAX_DELAY_MS
com.google.gson.internal.bind.TypeAdapters$19
androidx.core.os.MessageCompat
io.grpc.ClientInterceptors:
    private void <init>()
    public static varargs io.grpc.Channel interceptForward(io.grpc.Channel,io.grpc.ClientInterceptor[])
    public static io.grpc.Channel interceptForward(io.grpc.Channel,java.util.List)
    static io.grpc.ClientInterceptor wrapClientInterceptor(io.grpc.ClientInterceptor,io.grpc.MethodDescriptor$Marshaller,io.grpc.MethodDescriptor$Marshaller)
    static synthetic io.grpc.ClientCall access$100()
com.google.common.collect.Synchronized$SynchronizedMultiset
com.google.gson.internal.bind.TimeTypeAdapter$1
com.google.firebase.crashlytics.internal.common.MetaDataStore:
    private static java.util.Map jsonToKeysData(java.lang.String)
    public java.util.Map readKeyData(java.lang.String)
    private static final java.lang.String USERDATA_SUFFIX
    private static final java.lang.String KEYDATA_SUFFIX
    private static final java.lang.String METADATA_EXT
    private static final java.lang.String KEY_USER_ID
com.google.android.gms.internal.firebase-auth-api.zzqu
com.google.android.gms.internal.common.zze:
    private static final com.google.android.gms.internal.common.zzf zzjj
io.grpc.android.AndroidChannelBuilder:
    private static final java.lang.Class OKHTTP_CHANNEL_BUILDER_CLASS
com.google.android.gms.measurement.internal.zzkh:
    public final synthetic bridge com.google.android.gms.measurement.internal.zzjr zzf()
    public final synthetic bridge com.google.android.gms.measurement.internal.zzr zzh()
com.google.android.gms.internal.firebase-auth-api.zzbs:
    final synthetic com.google.android.gms.internal.firebase-auth-api.zzbt zza
com.google.firestore.v1.StructuredQuery$CompositeFilter$Operator$1
com.google.android.gms.internal.firebase-auth-api.zzzh:
    private final com.google.android.gms.internal.firebase-auth-api.zzzx zzZ
    private final java.lang.Class zzab
com.google.android.gms.common.internal.zzh:
    private final boolean zzeu
com.google.protobuf.AbstractParser:
    private static final com.google.protobuf.ExtensionRegistryLite EMPTY_REGISTRY
com.google.common.base.Charsets:
    public static final java.nio.charset.Charset ISO_8859_1
    public static final java.nio.charset.Charset UTF_16BE
    public static final java.nio.charset.Charset UTF_16LE
    public static final java.nio.charset.Charset UTF_16
com.google.firebase.firestore.util.AsyncQueue$DelayedTask:
    private final com.google.firebase.firestore.util.AsyncQueue$TimerId timerId
    private final long targetTimeMs
io.grpc.internal.RetriableStream$1HalfCloseEntry:
    final synthetic io.grpc.internal.RetriableStream this$0
com.google.android.gms.internal.firebase-auth-api.zzce:
    final synthetic com.google.android.gms.internal.firebase-auth-api.zzcf zza
com.google.android.gms.internal.firebase-auth-api.zzzy
com.google.android.gms.internal.measurement.zzgk:
    private static final com.google.android.gms.internal.measurement.zzhl zza
io.grpc.internal.AbstractClientStream:
    private volatile boolean cancelled
com.google.android.gms.measurement.internal.zzho:
    private final synthetic java.lang.String zzb
com.google.firestore.v1.TargetChange$TargetChangeType:
    private static final com.google.protobuf.Internal$EnumLiteMap internalValueMap
io.grpc.PersistentHashArrayMappedTrie:
    private final io.grpc.PersistentHashArrayMappedTrie$Node root
com.google.android.gms.internal.measurement.zzck$zzd$zza:
    private static final com.google.android.gms.internal.measurement.zzic zzf